# JRE version: OpenJDK Runtime Environment Temurin-21.0.6+7 (21.0.6+7) (build 21.0.6+7-LTS)
# Java VM: OpenJDK 64-Bit Server VM Temurin-21.0.6+7 (21.0.6+7-LTS, mixed mode, sharing, tiered, compressed oops, compressed class ptrs, parallel gc, windows-amd64)
GC Precious Log:
 CardTable entry size: 512
 CPUs: 16 total, 16 available
 Memory: 7893M
 Large Page Support: Disabled
 NUMA Support: Disabled
 Compressed Oops: Enabled (32-bit)
 Alignments: Space 512K, Generation 512K, Heap 2M
 Heap Min Capacity: 100M
 Heap Initial Capacity: 100M
 Heap Max Capacity: 1G
 Pre-touch: Disabled
 Parallel Workers: 13
Heap:
 PSYoungGen      total 3072K, used 3041K [0x00000000eab00000, 0x00000000eb200000, 0x0000000100000000)
  eden space 2048K, 100% used [0x00000000eab00000,0x00000000ead00000,0x00000000ead00000)
  from space 1024K, 96% used [0x00000000eaf00000,0x00000000eaff84c0,0x00000000eb000000)
  to   space 2048K, 40% used [0x00000000ead00000,0x00000000eadd0000,0x00000000eaf00000)
 ParOldGen       total 574464K, used 574061K [0x00000000c0000000, 0x00000000e3100000, 0x00000000eab00000)
  object space 574464K, 99% used [0x00000000c0000000,0x00000000e309b648,0x00000000e3100000)
 Metaspace       used 75366K, committed 76928K, reserved 1179648K
  class space    used 8068K, committed 8832K, reserved 1048576K
GC Heap History (20 events):
Event: 87.627 GC heap after
{Heap after GC invocations=829 (full 4):
 PSYoungGen      total 2560K, used 992K [0x00000000eab00000, 0x00000000eb180000, 0x0000000100000000)
  eden space 1536K, 0% used [0x00000000eab00000,0x00000000eab00000,0x00000000eac80000)
  from space 1024K, 96% used [0x00000000eae80000,0x00000000eaf78020,0x00000000eaf80000)
  to   space 2048K, 0% used [0x00000000eac80000,0x00000000eac80000,0x00000000eae80000)
 ParOldGen       total 568320K, used 568025K [0x00000000c0000000, 0x00000000e2b00000, 0x00000000eab00000)
  object space 568320K, 99% used [0x00000000c0000000,0x00000000e2ab6448,0x00000000e2b00000)
 Metaspace       used 75348K, committed 76928K, reserved 1179648K
  class space    used 8068K, committed 8832K, reserved 1048576K
}
Event: 87.641 GC heap before
{Heap before GC invocations=830 (full 4):
 PSYoungGen      total 2560K, used 2528K [0x00000000eab00000, 0x00000000eb180000, 0x0000000100000000)
  eden space 1536K, 100% used [0x00000000eab00000,0x00000000eac80000,0x00000000eac80000)
  from space 1024K, 96% used [0x00000000eae80000,0x00000000eaf78020,0x00000000eaf80000)
  to   space 2048K, 0% used [0x00000000eac80000,0x00000000eac80000,0x00000000eae80000)
 ParOldGen       total 568320K, used 568025K [0x00000000c0000000, 0x00000000e2b00000, 0x00000000eab00000)
  object space 568320K, 99% used [0x00000000c0000000,0x00000000e2ab6448,0x00000000e2b00000)
 Metaspace       used 75354K, committed 76928K, reserved 1179648K
  class space    used 8068K, committed 8832K, reserved 1048576K
}
Event: 87.643 GC heap after
{Heap after GC invocations=830 (full 4):
 PSYoungGen      total 3584K, used 689K [0x00000000eab00000, 0x00000000eb000000, 0x0000000100000000)
  eden space 1536K, 0% used [0x00000000eab00000,0x00000000eab00000,0x00000000eac80000)
  from space 2048K, 33% used [0x00000000eac80000,0x00000000ead2c7e0,0x00000000eae80000)
  to   space 1536K, 0% used [0x00000000eae80000,0x00000000eae80000,0x00000000eb000000)
 ParOldGen       total 569344K, used 568837K [0x00000000c0000000, 0x00000000e2c00000, 0x00000000eab00000)
  object space 569344K, 99% used [0x00000000c0000000,0x00000000e2b816f8,0x00000000e2c00000)
 Metaspace       used 75354K, committed 76928K, reserved 1179648K
  class space    used 8068K, committed 8832K, reserved 1048576K
}
Event: 87.662 GC heap before
{Heap before GC invocations=831 (full 4):
 PSYoungGen      total 3584K, used 2225K [0x00000000eab00000, 0x00000000eb000000, 0x0000000100000000)
  eden space 1536K, 100% used [0x00000000eab00000,0x00000000eac80000,0x00000000eac80000)
  from space 2048K, 33% used [0x00000000eac80000,0x00000000ead2c7e0,0x00000000eae80000)
  to   space 1536K, 0% used [0x00000000eae80000,0x00000000eae80000,0x00000000eb000000)
 ParOldGen       total 569344K, used 568837K [0x00000000c0000000, 0x00000000e2c00000, 0x00000000eab00000)
  object space 569344K, 99% used [0x00000000c0000000,0x00000000e2b816f8,0x00000000e2c00000)
 Metaspace       used 75356K, committed 76928K, reserved 1179648K
  class space    used 8068K, committed 8832K, reserved 1048576K
}
Event: 87.664 GC heap after
{Heap after GC invocations=831 (full 4):
 PSYoungGen      total 3072K, used 800K [0x00000000eab00000, 0x00000000eaf80000, 0x0000000100000000)
  eden space 2048K, 0% used [0x00000000eab00000,0x00000000eab00000,0x00000000ead00000)
  from space 1024K, 78% used [0x00000000eae80000,0x00000000eaf48000,0x00000000eaf80000)
  to   space 1024K, 0% used [0x00000000ead80000,0x00000000ead80000,0x00000000eae80000)
 ParOldGen       total 569344K, used 569271K [0x00000000c0000000, 0x00000000e2c00000, 0x00000000eab00000)
  object space 569344K, 99% used [0x00000000c0000000,0x00000000e2bedfc0,0x00000000e2c00000)
 Metaspace       used 75356K, committed 76928K, reserved 1179648K
  class space    used 8068K, committed 8832K, reserved 1048576K
}
Event: 87.681 GC heap before
{Heap before GC invocations=832 (full 4):
 PSYoungGen      total 3072K, used 2848K [0x00000000eab00000, 0x00000000eaf80000, 0x0000000100000000)
  eden space 2048K, 100% used [0x00000000eab00000,0x00000000ead00000,0x00000000ead00000)
  from space 1024K, 78% used [0x00000000eae80000,0x00000000eaf48000,0x00000000eaf80000)
  to   space 1024K, 0% used [0x00000000ead80000,0x00000000ead80000,0x00000000eae80000)
 ParOldGen       total 569344K, used 569271K [0x00000000c0000000, 0x00000000e2c00000, 0x00000000eab00000)
  object space 569344K, 99% used [0x00000000c0000000,0x00000000e2bedfc0,0x00000000e2c00000)
 Metaspace       used 75356K, committed 76928K, reserved 1179648K
  class space    used 8068K, committed 8832K, reserved 1048576K
}
Event: 87.682 GC heap after
{Heap after GC invocations=832 (full 4):
 PSYoungGen      total 3072K, used 996K [0x00000000eab00000, 0x00000000eb000000, 0x0000000100000000)
  eden space 2048K, 0% used [0x00000000eab00000,0x00000000eab00000,0x00000000ead00000)
  from space 1024K, 97% used [0x00000000ead80000,0x00000000eae790a8,0x00000000eae80000)
  to   space 1536K, 0% used [0x00000000eae80000,0x00000000eae80000,0x00000000eb000000)
 ParOldGen       total 570368K, used 569896K [0x00000000c0000000, 0x00000000e2d00000, 0x00000000eab00000)
  object space 570368K, 99% used [0x00000000c0000000,0x00000000e2c8a3e0,0x00000000e2d00000)
 Metaspace       used 75356K, committed 76928K, reserved 1179648K
  class space    used 8068K, committed 8832K, reserved 1048576K
}
Event: 87.714 GC heap before
{Heap before GC invocations=833 (full 4):
 PSYoungGen      total 3072K, used 3044K [0x00000000eab00000, 0x00000000eb000000, 0x0000000100000000)
  eden space 2048K, 100% used [0x00000000eab00000,0x00000000ead00000,0x00000000ead00000)
  from space 1024K, 97% used [0x00000000ead80000,0x00000000eae790a8,0x00000000eae80000)
  to   space 1536K, 0% used [0x00000000eae80000,0x00000000eae80000,0x00000000eb000000)
 ParOldGen       total 570368K, used 569896K [0x00000000c0000000, 0x00000000e2d00000, 0x00000000eab00000)
  object space 570368K, 99% used [0x00000000c0000000,0x00000000e2c8a3e0,0x00000000e2d00000)
 Metaspace       used 75357K, committed 76928K, reserved 1179648K
  class space    used 8068K, committed 8832K, reserved 1048576K
}
Event: 87.716 GC heap after
{Heap after GC invocations=833 (full 4):
 PSYoungGen      total 3072K, used 928K [0x00000000eab00000, 0x00000000eaf80000, 0x0000000100000000)
  eden space 2048K, 0% used [0x00000000eab00000,0x00000000eab00000,0x00000000ead00000)
  from space 1024K, 90% used [0x00000000eae80000,0x00000000eaf68000,0x00000000eaf80000)
  to   space 1024K, 0% used [0x00000000ead80000,0x00000000ead80000,0x00000000eae80000)
 ParOldGen       total 570880K, used 570719K [0x00000000c0000000, 0x00000000e2d80000, 0x00000000eab00000)
  object space 570880K, 99% used [0x00000000c0000000,0x00000000e2d57db0,0x00000000e2d80000)
 Metaspace       used 75357K, committed 76928K, reserved 1179648K
  class space    used 8068K, committed 8832K, reserved 1048576K
}
Event: 87.725 GC heap before
{Heap before GC invocations=834 (full 4):
 PSYoungGen      total 3072K, used 2976K [0x00000000eab00000, 0x00000000eaf80000, 0x0000000100000000)
  eden space 2048K, 100% used [0x00000000eab00000,0x00000000ead00000,0x00000000ead00000)
  from space 1024K, 90% used [0x00000000eae80000,0x00000000eaf68000,0x00000000eaf80000)
  to   space 1024K, 0% used [0x00000000ead80000,0x00000000ead80000,0x00000000eae80000)
 ParOldGen       total 570880K, used 570719K [0x00000000c0000000, 0x00000000e2d80000, 0x00000000eab00000)
  object space 570880K, 99% used [0x00000000c0000000,0x00000000e2d57db0,0x00000000e2d80000)
 Metaspace       used 75357K, committed 76928K, reserved 1179648K
  class space    used 8068K, committed 8832K, reserved 1048576K
}
Event: 87.730 GC heap after
{Heap after GC invocations=834 (full 4):
 PSYoungGen      total 3584K, used 800K [0x00000000eab00000, 0x00000000eaf80000, 0x0000000100000000)
  eden space 2560K, 0% used [0x00000000eab00000,0x00000000eab00000,0x00000000ead80000)
  from space 1024K, 78% used [0x00000000ead80000,0x00000000eae48000,0x00000000eae80000)
  to   space 1024K, 0% used [0x00000000eae80000,0x00000000eae80000,0x00000000eaf80000)
 ParOldGen       total 571904K, used 571497K [0x00000000c0000000, 0x00000000e2e80000, 0x00000000eab00000)
  object space 571904K, 99% used [0x00000000c0000000,0x00000000e2e1a7d8,0x00000000e2e80000)
 Metaspace       used 75357K, committed 76928K, reserved 1179648K
  class space    used 8068K, committed 8832K, reserved 1048576K
}
Event: 87.775 GC heap before
{Heap before GC invocations=835 (full 4):
 PSYoungGen      total 3584K, used 3360K [0x00000000eab00000, 0x00000000eaf80000, 0x0000000100000000)
  eden space 2560K, 100% used [0x00000000eab00000,0x00000000ead80000,0x00000000ead80000)
  from space 1024K, 78% used [0x00000000ead80000,0x00000000eae48000,0x00000000eae80000)
  to   space 1024K, 0% used [0x00000000eae80000,0x00000000eae80000,0x00000000eaf80000)
 ParOldGen       total 571904K, used 571497K [0x00000000c0000000, 0x00000000e2e80000, 0x00000000eab00000)
  object space 571904K, 99% used [0x00000000c0000000,0x00000000e2e1a7d8,0x00000000e2e80000)
 Metaspace       used 75357K, committed 76928K, reserved 1179648K
  class space    used 8068K, committed 8832K, reserved 1048576K
}
Event: 87.777 GC heap after
{Heap after GC invocations=835 (full 4):
 PSYoungGen      total 3584K, used 832K [0x00000000eab00000, 0x00000000eb000000, 0x0000000100000000)
  eden space 2560K, 0% used [0x00000000eab00000,0x00000000eab00000,0x00000000ead80000)
  from space 1024K, 81% used [0x00000000eae80000,0x00000000eaf50000,0x00000000eaf80000)
  to   space 1024K, 0% used [0x00000000ead80000,0x00000000ead80000,0x00000000eae80000)
 ParOldGen       total 572416K, used 572149K [0x00000000c0000000, 0x00000000e2f00000, 0x00000000eab00000)
  object space 572416K, 99% used [0x00000000c0000000,0x00000000e2ebd7e8,0x00000000e2f00000)
 Metaspace       used 75357K, committed 76928K, reserved 1179648K
  class space    used 8068K, committed 8832K, reserved 1048576K
}
Event: 87.791 GC heap before
{Heap before GC invocations=836 (full 4):
 PSYoungGen      total 3584K, used 3392K [0x00000000eab00000, 0x00000000eb000000, 0x0000000100000000)
  eden space 2560K, 100% used [0x00000000eab00000,0x00000000ead80000,0x00000000ead80000)
  from space 1024K, 81% used [0x00000000eae80000,0x00000000eaf50000,0x00000000eaf80000)
  to   space 1024K, 0% used [0x00000000ead80000,0x00000000ead80000,0x00000000eae80000)
 ParOldGen       total 572416K, used 572149K [0x00000000c0000000, 0x00000000e2f00000, 0x00000000eab00000)
  object space 572416K, 99% used [0x00000000c0000000,0x00000000e2ebd7e8,0x00000000e2f00000)
 Metaspace       used 75358K, committed 76928K, reserved 1179648K
  class space    used 8068K, committed 8832K, reserved 1048576K
}
Event: 87.792 GC heap after
{Heap after GC invocations=836 (full 4):
 PSYoungGen      total 3584K, used 699K [0x00000000eab00000, 0x00000000eb000000, 0x0000000100000000)
  eden space 2560K, 0% used [0x00000000eab00000,0x00000000eab00000,0x00000000ead80000)
  from space 1024K, 68% used [0x00000000ead80000,0x00000000eae2ed80,0x00000000eae80000)
  to   space 1024K, 0% used [0x00000000eaf00000,0x00000000eaf00000,0x00000000eb000000)
 ParOldGen       total 572928K, used 572509K [0x00000000c0000000, 0x00000000e2f80000, 0x00000000eab00000)
  object space 572928K, 99% used [0x00000000c0000000,0x00000000e2f177e8,0x00000000e2f80000)
 Metaspace       used 75358K, committed 76928K, reserved 1179648K
  class space    used 8068K, committed 8832K, reserved 1048576K
}
Event: 87.811 GC heap before
{Heap before GC invocations=837 (full 4):
 PSYoungGen      total 3584K, used 3259K [0x00000000eab00000, 0x00000000eb000000, 0x0000000100000000)
  eden space 2560K, 100% used [0x00000000eab00000,0x00000000ead80000,0x00000000ead80000)
  from space 1024K, 68% used [0x00000000ead80000,0x00000000eae2ed80,0x00000000eae80000)
  to   space 1024K, 0% used [0x00000000eaf00000,0x00000000eaf00000,0x00000000eb000000)
 ParOldGen       total 572928K, used 572509K [0x00000000c0000000, 0x00000000e2f80000, 0x00000000eab00000)
  object space 572928K, 99% used [0x00000000c0000000,0x00000000e2f177e8,0x00000000e2f80000)
 Metaspace       used 75358K, committed 76928K, reserved 1179648K
  class space    used 8068K, committed 8832K, reserved 1048576K
}
Event: 87.815 GC heap after
{Heap after GC invocations=837 (full 4):
 PSYoungGen      total 3072K, used 993K [0x00000000eab00000, 0x00000000eb200000, 0x0000000100000000)
  eden space 2048K, 0% used [0x00000000eab00000,0x00000000eab00000,0x00000000ead00000)
  from space 1024K, 96% used [0x00000000eaf00000,0x00000000eaff84c0,0x00000000eb000000)
  to   space 2048K, 0% used [0x00000000ead00000,0x00000000ead00000,0x00000000eaf00000)
 ParOldGen       total 573440K, used 573096K [0x00000000c0000000, 0x00000000e3000000, 0x00000000eab00000)
  object space 573440K, 99% used [0x00000000c0000000,0x00000000e2faa0d0,0x00000000e3000000)
 Metaspace       used 75358K, committed 76928K, reserved 1179648K
  class space    used 8068K, committed 8832K, reserved 1048576K
}
Event: 87.832 GC heap before
{Heap before GC invocations=838 (full 4):
 PSYoungGen      total 3072K, used 3041K [0x00000000eab00000, 0x00000000eb200000, 0x0000000100000000)
  eden space 2048K, 100% used [0x00000000eab00000,0x00000000ead00000,0x00000000ead00000)
  from space 1024K, 96% used [0x00000000eaf00000,0x00000000eaff84c0,0x00000000eb000000)
  to   space 2048K, 0% used [0x00000000ead00000,0x00000000ead00000,0x00000000eaf00000)
 ParOldGen       total 573440K, used 573096K [0x00000000c0000000, 0x00000000e3000000, 0x00000000eab00000)
  object space 573440K, 99% used [0x00000000c0000000,0x00000000e2faa0d0,0x00000000e3000000)
 Metaspace       used 75366K, committed 76928K, reserved 1179648K
  class space    used 8068K, committed 8832K, reserved 1048576K
}
Event: 87.835 GC heap after
{Heap after GC invocations=838 (full 4):
 PSYoungGen      total 3072K, used 3041K [0x00000000eab00000, 0x00000000eb200000, 0x0000000100000000)
  eden space 2048K, 100% used [0x00000000eab00000,0x00000000ead00000,0x00000000ead00000)
  from space 1024K, 96% used [0x00000000eaf00000,0x00000000eaff84c0,0x00000000eb000000)
  to   space 2048K, 40% used [0x00000000ead00000,0x00000000eadd0000,0x00000000eaf00000)
 ParOldGen       total 574464K, used 574061K [0x00000000c0000000, 0x00000000e3100000, 0x00000000eab00000)
  object space 574464K, 99% used [0x00000000c0000000,0x00000000e309b648,0x00000000e3100000)
 Metaspace       used 75366K, committed 76928K, reserved 1179648K
  class space    used 8068K, committed 8832K, reserved 1048576K
}
Event: 87.835 GC heap before
{Heap before GC invocations=839 (full 5):
 PSYoungGen      total 3072K, used 3041K [0x00000000eab00000, 0x00000000eb200000, 0x0000000100000000)
  eden space 2048K, 100% used [0x00000000eab00000,0x00000000ead00000,0x00000000ead00000)
  from space 1024K, 96% used [0x00000000eaf00000,0x00000000eaff84c0,0x00000000eb000000)
  to   space 2048K, 40% used [0x00000000ead00000,0x00000000eadd0000,0x00000000eaf00000)
 ParOldGen       total 574464K, used 574061K [0x00000000c0000000, 0x00000000e3100000, 0x00000000eab00000)
  object space 574464K, 99% used [0x00000000c0000000,0x00000000e309b648,0x00000000e3100000)
 Metaspace       used 75366K, committed 76928K, reserved 1179648K
  class space    used 8068K, committed 8832K, reserved 1048576K
}

